<?xml version="1.0" encoding="UTF-8"?>
<!-- Generated by org.testng.reporters.JUnitReportReporter -->
<testsuite hostname="ASCINLAP34772" failures="0" tests="1" name="testNGOperations.LaunchApp$BaseClass" time="21.883" errors="0" timestamp="2024-11-24T02:27:15 IST" skipped="0">
  <testcase classname="testNGOperations.LaunchApp$BaseClass" name="setup" time="21.883"/>
  <system-out/>
</testsuite> <!-- testNGOperations.LaunchApp$BaseClass -->
