<?xml version="1.0" encoding="UTF-8"?>
<!-- Generated by org.testng.reporters.JUnitReportReporter -->
<testsuite hostname="ASCINLAP34772" failures="0" tests="7" name="testNGOperations.TestNGAttributes" time="0.100" errors="0" timestamp="2024-10-07T21:55:52 IST" skipped="0">
  <testcase classname="testNGOperations.TestNGAttributes" name="setup" time="0.028"/>
  <system-out/>
  <testcase classname="testNGOperations.TestNGAttributes" name="setup" time="0.003"/>
  <system-out/>
  <testcase classname="testNGOperations.TestNGAttributes" name="setup2" time="0.002"/>
  <system-out/>
  <testcase classname="testNGOperations.TestNGAttributes" name="setup" time="0.029"/>
  <system-out/>
  <testcase classname="testNGOperations.TestNGAttributes" name="setup" time="0.004"/>
  <system-out/>
  <testcase classname="testNGOperations.TestNGAttributes" name="setup" time="0.030"/>
  <system-out/>
  <testcase classname="testNGOperations.TestNGAttributes" name="setup1" time="0.004"/>
  <system-out/>
</testsuite> <!-- testNGOperations.TestNGAttributes -->
