<?xml version="1.0" encoding="UTF-8"?>
<!-- Generated by org.testng.reporters.JUnitReportReporter -->
<testsuite hostname="ASCINLAP34772" failures="0" tests="1" name="testng.asd" time="0.044" errors="0" timestamp="2024-10-01T19:27:16 IST" skipped="0">
  <testcase classname="testng.asd" name="user" time="0.044"/>
  <system-out/>
</testsuite> <!-- testng.asd -->
