<?xml version="1.0" encoding="UTF-8"?>
<!-- Generated by org.testng.reporters.JUnitReportReporter -->
<testsuite hostname="ASCINLAP34772" failures="0" tests="1" name="Test1" time="12.543" errors="0" timestamp="2024-11-24T09:54:17 IST" skipped="0">
  <testcase classname="Test1" name="testuser" time="12.543"/>
  <system-out/>
</testsuite> <!-- Test1 -->
