<?xml version="1.0" encoding="UTF-8"?>
<!-- Generated by org.testng.reporters.JUnitReportReporter -->
<testsuite hostname="ASCINLAP34772" failures="0" tests="1" name="Base" time="8.051" errors="0" timestamp="2024-11-24T08:52:49 IST" skipped="0">
  <testcase classname="Base" name="start" time="8.051"/>
  <system-out/>
</testsuite> <!-- Base -->
