<?xml version="1.0" encoding="UTF-8"?>
<!-- Generated by org.testng.reporters.JUnitReportReporter -->
<testsuite hostname="ASCINLAP34772" failures="0" tests="1" name="allurereports.HomePage" time="0.002" errors="0" timestamp="2024-11-23T21:19:01 IST" skipped="0">
  <testcase classname="allurereports.HomePage" name="homelogin" time="0.002"/>
  <system-out/>
</testsuite> <!-- allurereports.HomePage -->
