<?xml version="1.0" encoding="UTF-8"?>
<!-- Generated by org.testng.reporters.JUnitReportReporter -->
<testsuite hostname="ASCINLAP34772" failures="0" tests="1" name="allurereports.LoginPage" time="0.125" errors="0" timestamp="2024-11-23T21:19:01 IST" skipped="0">
  <testcase classname="allurereports.LoginPage" name="userlogin" time="0.125"/>
  <system-out/>
</testsuite> <!-- allurereports.LoginPage -->
