<?xml version="1.0" encoding="UTF-8"?>
<!-- Generated by org.testng.reporters.JUnitReportReporter -->
<testsuite hostname="ASCINLAP34772" failures="0" tests="1" name="runner.Runner" time="0.062" errors="0" timestamp="2024-11-23T20:46:14 IST" skipped="0">
  <testcase classname="runner.Runner" name="runScenario" time="0.062"/>
  <system-out/>
</testsuite> <!-- runner.Runner -->
